<?xml version="1.0" encoding="UTF-8"?>
<!-- Generated by org.testng.reporters.JUnitReportReporter -->
<testsuite hostname="DESKTOP-QQAJ405" failures="0" tests="1" name="fitpeo.runners.FitPeoTestRunner" time="31.026" errors="0" timestamp="2024-11-25T22:34:11 IST" skipped="0">
  <testcase classname="fitpeo.runners.FitPeoTestRunner" name="runScenario" time="31.026"/>
  <system-out/>
</testsuite> <!-- fitpeo.runners.FitPeoTestRunner -->
